08:12:13.721 [main] INFO  c.e.Register8761ServiceApplication - [logStartupProfileInfo,651] - No active profile set, falling back to default profiles: default
08:12:16.041 [main] INFO  o.a.c.h.Http11NioProtocol - [log,173] - Initializing ProtocolHandler ["http-nio-8761"]
08:12:16.042 [main] INFO  o.a.c.c.StandardService - [log,173] - Starting service [Tomcat]
08:12:16.043 [main] INFO  o.a.c.c.StandardEngine - [log,173] - Starting Servlet engine: [Apache Tomcat/9.0.33]
08:12:16.045 [main] INFO  o.a.c.c.AprLifecycleListener - [log,173] - Loaded APR based Apache Tomcat Native library [1.2.25] using APR version [1.7.0].
08:12:16.045 [main] INFO  o.a.c.c.AprLifecycleListener - [log,173] - APR capabilities: IPv6 [true], sendfile [true], accept filters [false], random [true].
08:12:16.046 [main] INFO  o.a.c.c.AprLifecycleListener - [log,173] - APR/OpenSSL configuration: useAprConnector [false], useOpenSSL [true]
08:12:16.065 [main] INFO  o.a.c.c.AprLifecycleListener - [log,173] - OpenSSL successfully initialized [OpenSSL 1.1.1g  21 Apr 2020]
08:12:16.307 [main] INFO  o.a.c.c.C.[.[.[/] - [log,173] - Initializing Spring embedded WebApplicationContext
08:12:16.439 [main] INFO  c.n.c.s.URLConfigurationSource - [<init>,122] - To enable URLs as dynamic configuration sources, define System property archaius.configurationSource.additionalUrls or make config.properties available on classpath.
08:12:16.452 [main] INFO  c.n.c.DynamicPropertyFactory - [getInstance,281] - DynamicPropertyFactory is initialized with configuration sources: com.netflix.config.ConcurrentCompositeConfiguration@6e33fcae
08:12:19.529 [main] INFO  c.s.j.s.i.a.WebApplicationImpl - [_initiate,815] - Initiating Jersey application, version 'Jersey: 1.19.1 03/11/2016 02:08 PM'
08:12:19.692 [main] INFO  c.n.d.p.DiscoveryJerseyProvider - [<init>,70] - Using JSON encoding codec LegacyJacksonJson
08:12:19.694 [main] INFO  c.n.d.p.DiscoveryJerseyProvider - [<init>,71] - Using JSON decoding codec LegacyJacksonJson
08:12:20.054 [main] INFO  c.n.d.p.DiscoveryJerseyProvider - [<init>,80] - Using XML encoding codec XStreamXml
08:12:20.055 [main] INFO  c.n.d.p.DiscoveryJerseyProvider - [<init>,81] - Using XML decoding codec XStreamXml
08:12:21.038 [main] INFO  c.n.c.s.URLConfigurationSource - [<init>,122] - To enable URLs as dynamic configuration sources, define System property archaius.configurationSource.additionalUrls or make config.properties available on classpath.
08:12:26.002 [main] INFO  c.e.Register8762ServiceApplication - [logStartupProfileInfo,651] - No active profile set, falling back to default profiles: default
08:12:26.570 [main] INFO  c.n.d.DiscoveryClient - [<init>,371] - Initializing Eureka in region us-east-1
08:12:27.839 [main] INFO  c.n.d.p.DiscoveryJerseyProvider - [<init>,70] - Using JSON encoding codec LegacyJacksonJson
08:12:27.840 [main] INFO  c.n.d.p.DiscoveryJerseyProvider - [<init>,71] - Using JSON decoding codec LegacyJacksonJson
08:12:27.840 [main] INFO  c.n.d.p.DiscoveryJerseyProvider - [<init>,80] - Using XML encoding codec XStreamXml
08:12:27.841 [main] INFO  c.n.d.p.DiscoveryJerseyProvider - [<init>,81] - Using XML decoding codec XStreamXml
08:12:28.007 [main] INFO  c.n.d.s.r.a.ConfigClusterResolver - [getClusterEndpoints,43] - Resolving eureka endpoints via configuration
08:12:28.279 [main] INFO  o.a.c.h.Http11NioProtocol - [log,173] - Initializing ProtocolHandler ["http-nio-8762"]
08:12:28.280 [main] INFO  o.a.c.c.StandardService - [log,173] - Starting service [Tomcat]
08:12:28.280 [main] INFO  o.a.c.c.StandardEngine - [log,173] - Starting Servlet engine: [Apache Tomcat/9.0.33]
08:12:28.283 [main] INFO  o.a.c.c.AprLifecycleListener - [log,173] - Loaded APR based Apache Tomcat Native library [1.2.25] using APR version [1.7.0].
08:12:28.283 [main] INFO  o.a.c.c.AprLifecycleListener - [log,173] - APR capabilities: IPv6 [true], sendfile [true], accept filters [false], random [true].
08:12:28.283 [main] INFO  o.a.c.c.AprLifecycleListener - [log,173] - APR/OpenSSL configuration: useAprConnector [false], useOpenSSL [true]
08:12:28.291 [main] INFO  o.a.c.c.AprLifecycleListener - [log,173] - OpenSSL successfully initialized [OpenSSL 1.1.1g  21 Apr 2020]
08:12:28.789 [main] INFO  o.a.c.c.C.[.[.[/] - [log,173] - Initializing Spring embedded WebApplicationContext
08:12:29.040 [main] INFO  c.n.c.s.URLConfigurationSource - [<init>,122] - To enable URLs as dynamic configuration sources, define System property archaius.configurationSource.additionalUrls or make config.properties available on classpath.
08:12:29.068 [main] INFO  c.n.c.DynamicPropertyFactory - [getInstance,281] - DynamicPropertyFactory is initialized with configuration sources: com.netflix.config.ConcurrentCompositeConfiguration@5cb5bb88
08:12:29.334 [main] INFO  c.n.d.DiscoveryClient - [fetchRegistry,988] - Disable delta property : false
08:12:29.334 [main] INFO  c.n.d.DiscoveryClient - [fetchRegistry,989] - Single vip registry refresh property : null
08:12:29.337 [main] INFO  c.n.d.DiscoveryClient - [fetchRegistry,990] - Force full registry fetch : false
08:12:29.338 [main] INFO  c.n.d.DiscoveryClient - [fetchRegistry,991] - Application is null : false
08:12:29.339 [main] INFO  c.n.d.DiscoveryClient - [fetchRegistry,992] - Registered Applications size is zero : true
08:12:29.339 [main] INFO  c.n.d.DiscoveryClient - [fetchRegistry,994] - Application version is -1: true
08:12:29.340 [main] INFO  c.n.d.DiscoveryClient - [getAndStoreFullRegistry,1077] - Getting all instance registry info from the eureka server
08:12:32.285 [main] INFO  c.s.j.s.i.a.WebApplicationImpl - [_initiate,815] - Initiating Jersey application, version 'Jersey: 1.19.1 03/11/2016 02:08 PM'
08:12:32.626 [main] INFO  c.n.d.p.DiscoveryJerseyProvider - [<init>,70] - Using JSON encoding codec LegacyJacksonJson
08:12:32.629 [main] INFO  c.n.d.p.DiscoveryJerseyProvider - [<init>,71] - Using JSON decoding codec LegacyJacksonJson
08:12:33.123 [main] INFO  c.n.d.p.DiscoveryJerseyProvider - [<init>,80] - Using XML encoding codec XStreamXml
08:12:33.127 [main] INFO  c.n.d.p.DiscoveryJerseyProvider - [<init>,81] - Using XML decoding codec XStreamXml
08:12:34.332 [main] INFO  c.n.c.s.URLConfigurationSource - [<init>,122] - To enable URLs as dynamic configuration sources, define System property archaius.configurationSource.additionalUrls or make config.properties available on classpath.
08:12:34.426 [main] INFO  c.n.d.DiscoveryClient - [initScheduledTasks,1301] - Starting heartbeat executor: renew interval is: 30
08:12:34.431 [main] INFO  c.n.d.InstanceInfoReplicator - [<init>,60] - InstanceInfoReplicator onDemand update allowed rate per min is 4
08:12:34.442 [main] INFO  c.n.d.DiscoveryClient - [<init>,475] - Discovery Client initialized at timestamp 1626826354439 with initial instances count: 0
08:12:34.524 [main] INFO  c.n.e.DefaultEurekaServerContext - [initialize,66] - Initializing ...
08:12:34.560 [main] INFO  c.n.e.r.AbstractInstanceRegistry - [initRemoteRegionRegistry,153] - Finished initializing remote region registries. All known remote regions: []
08:12:34.563 [main] INFO  c.n.e.DefaultEurekaServerContext - [initialize,73] - Initialized
08:12:34.788 [main] INFO  c.n.d.DiscoveryClient - [notify,1337] - Saw local status change event StatusChangeEvent [timestamp=1626826354788, current=UP, previous=STARTING]
08:12:34.796 [DiscoveryClient-InstanceInfoReplicator-0] INFO  c.n.d.DiscoveryClient - [register,854] - DiscoveryClient_REGISTER-8761-SERVICE/172.27.120.192:register-8761-service:8761: registering service...
08:12:34.858 [main] INFO  o.a.c.h.Http11NioProtocol - [log,173] - Starting ProtocolHandler ["http-nio-8761"]
08:12:36.377 [main] INFO  c.e.Register8761ServiceApplication - [logStarted,61] - Started Register8761ServiceApplication in 28.265 seconds (JVM running for 31.873)
08:12:37.862 [RMI TCP Connection(1)-172.28.160.1] INFO  o.a.c.c.C.[.[.[/] - [log,173] - Initializing Spring DispatcherServlet 'dispatcherServlet'
08:12:38.262 [main] INFO  c.n.d.DiscoveryClient - [<init>,371] - Initializing Eureka in region us-east-1
08:12:39.458 [main] INFO  c.n.d.p.DiscoveryJerseyProvider - [<init>,70] - Using JSON encoding codec LegacyJacksonJson
08:12:39.458 [main] INFO  c.n.d.p.DiscoveryJerseyProvider - [<init>,71] - Using JSON decoding codec LegacyJacksonJson
08:12:39.459 [main] INFO  c.n.d.p.DiscoveryJerseyProvider - [<init>,80] - Using XML encoding codec XStreamXml
08:12:39.460 [main] INFO  c.n.d.p.DiscoveryJerseyProvider - [<init>,81] - Using XML decoding codec XStreamXml
08:12:39.616 [main] INFO  c.n.d.s.r.a.ConfigClusterResolver - [getClusterEndpoints,43] - Resolving eureka endpoints via configuration
08:12:40.369 [main] INFO  c.n.d.DiscoveryClient - [fetchRegistry,988] - Disable delta property : false
08:12:40.370 [main] INFO  c.n.d.DiscoveryClient - [fetchRegistry,989] - Single vip registry refresh property : null
08:12:40.370 [main] INFO  c.n.d.DiscoveryClient - [fetchRegistry,990] - Force full registry fetch : false
08:12:40.371 [main] INFO  c.n.d.DiscoveryClient - [fetchRegistry,991] - Application is null : false
08:12:40.371 [main] INFO  c.n.d.DiscoveryClient - [fetchRegistry,992] - Registered Applications size is zero : true
08:12:40.371 [main] INFO  c.n.d.DiscoveryClient - [fetchRegistry,994] - Application version is -1: true
08:12:40.372 [main] INFO  c.n.d.DiscoveryClient - [getAndStoreFullRegistry,1077] - Getting all instance registry info from the eureka server
08:12:40.759 [main] INFO  c.n.d.DiscoveryClient - [getAndStoreFullRegistry,1086] - The response status is 200
08:12:40.762 [main] INFO  c.n.d.DiscoveryClient - [initScheduledTasks,1301] - Starting heartbeat executor: renew interval is: 30
08:12:40.766 [main] INFO  c.n.d.InstanceInfoReplicator - [<init>,60] - InstanceInfoReplicator onDemand update allowed rate per min is 4
08:12:40.772 [main] INFO  c.n.d.DiscoveryClient - [<init>,475] - Discovery Client initialized at timestamp 1626826360770 with initial instances count: 0
08:12:40.829 [main] INFO  c.n.e.DefaultEurekaServerContext - [initialize,66] - Initializing ...
08:12:40.852 [main] INFO  c.n.e.r.AbstractInstanceRegistry - [initRemoteRegionRegistry,153] - Finished initializing remote region registries. All known remote regions: []
08:12:40.855 [main] INFO  c.n.e.DefaultEurekaServerContext - [initialize,73] - Initialized
08:12:41.037 [main] INFO  c.n.d.DiscoveryClient - [notify,1337] - Saw local status change event StatusChangeEvent [timestamp=1626826361037, current=UP, previous=STARTING]
08:12:41.045 [DiscoveryClient-InstanceInfoReplicator-0] INFO  c.n.d.DiscoveryClient - [register,854] - DiscoveryClient_REGISTER-8762-SERVICE/172.27.120.192:register-8762-service:8762: registering service...
08:12:41.136 [main] INFO  o.a.c.h.Http11NioProtocol - [log,173] - Starting ProtocolHandler ["http-nio-8762"]
08:12:41.246 [http-nio-8761-exec-2] INFO  c.n.e.r.AbstractInstanceRegistry - [register,266] - Registered instance REGISTER-8762-SERVICE/172.27.120.192:register-8762-service:8762 with status UP (replication=false)
08:12:41.249 [DiscoveryClient-InstanceInfoReplicator-0] INFO  c.n.d.DiscoveryClient - [register,863] - DiscoveryClient_REGISTER-8762-SERVICE/172.27.120.192:register-8762-service:8762 - registration status: 204
08:12:42.389 [main] INFO  c.e.Register8762ServiceApplication - [logStarted,61] - Started Register8762ServiceApplication in 21.695 seconds (JVM running for 25.4)
08:12:43.552 [RMI TCP Connection(1)-172.28.160.1] INFO  o.a.c.c.C.[.[.[/] - [log,173] - Initializing Spring DispatcherServlet 'dispatcherServlet'
08:12:47.681 [http-nio-8762-exec-2] INFO  c.n.e.r.AbstractInstanceRegistry - [register,266] - Registered instance CONFIG-SERVICE/172.27.120.192:config-service:8888 with status UP (replication=false)
08:13:04.441 [DiscoveryClient-CacheRefreshExecutor-0] INFO  c.n.d.DiscoveryClient - [fetchRegistry,988] - Disable delta property : false
08:13:04.441 [DiscoveryClient-CacheRefreshExecutor-0] INFO  c.n.d.DiscoveryClient - [fetchRegistry,989] - Single vip registry refresh property : null
08:13:04.441 [DiscoveryClient-CacheRefreshExecutor-0] INFO  c.n.d.DiscoveryClient - [fetchRegistry,990] - Force full registry fetch : false
08:13:04.442 [DiscoveryClient-CacheRefreshExecutor-0] INFO  c.n.d.DiscoveryClient - [fetchRegistry,991] - Application is null : false
08:13:04.442 [DiscoveryClient-CacheRefreshExecutor-0] INFO  c.n.d.DiscoveryClient - [fetchRegistry,992] - Registered Applications size is zero : true
08:13:04.442 [DiscoveryClient-CacheRefreshExecutor-0] INFO  c.n.d.DiscoveryClient - [fetchRegistry,994] - Application version is -1: true
08:13:04.442 [DiscoveryClient-CacheRefreshExecutor-0] INFO  c.n.d.DiscoveryClient - [getAndStoreFullRegistry,1077] - Getting all instance registry info from the eureka server
08:13:04.504 [DiscoveryClient-HeartbeatExecutor-0] INFO  c.n.d.DiscoveryClient - [renew,878] - DiscoveryClient_REGISTER-8761-SERVICE/172.27.120.192:register-8761-service:8761 - Re-registering apps/REGISTER-8761-SERVICE
08:13:04.505 [DiscoveryClient-HeartbeatExecutor-0] INFO  c.n.d.DiscoveryClient - [register,854] - DiscoveryClient_REGISTER-8761-SERVICE/172.27.120.192:register-8761-service:8761: registering service...
08:13:04.509 [DiscoveryClient-CacheRefreshExecutor-0] INFO  c.n.d.DiscoveryClient - [getAndStoreFullRegistry,1086] - The response status is 200
08:13:04.532 [http-nio-8762-exec-5] INFO  c.n.e.r.AbstractInstanceRegistry - [register,266] - Registered instance REGISTER-8761-SERVICE/172.27.120.192:register-8761-service:8761 with status UP (replication=false)
08:13:04.534 [DiscoveryClient-HeartbeatExecutor-0] INFO  c.n.d.DiscoveryClient - [register,863] - DiscoveryClient_REGISTER-8761-SERVICE/172.27.120.192:register-8761-service:8761 - registration status: 204
08:13:04.862 [Thread-47] INFO  c.n.e.r.AbstractInstanceRegistry - [register,266] - Registered instance CONFIG-SERVICE/172.27.120.192:config-service:8888 with status UP (replication=true)
08:13:04.862 [Thread-47] INFO  c.n.e.r.PeerAwareInstanceRegistryImpl - [openForTraffic,242] - Got 1 instances from neighboring DS node
08:13:04.862 [Thread-47] INFO  c.n.e.r.PeerAwareInstanceRegistryImpl - [openForTraffic,243] - Renew threshold is: 1
08:13:04.862 [Thread-47] INFO  c.n.e.r.PeerAwareInstanceRegistryImpl - [openForTraffic,254] - Changing status to UP
08:13:10.768 [DiscoveryClient-CacheRefreshExecutor-0] INFO  c.n.d.DiscoveryClient - [fetchRegistry,988] - Disable delta property : false
08:13:10.769 [DiscoveryClient-CacheRefreshExecutor-0] INFO  c.n.d.DiscoveryClient - [fetchRegistry,989] - Single vip registry refresh property : null
08:13:10.769 [DiscoveryClient-CacheRefreshExecutor-0] INFO  c.n.d.DiscoveryClient - [fetchRegistry,990] - Force full registry fetch : false
08:13:10.770 [DiscoveryClient-CacheRefreshExecutor-0] INFO  c.n.d.DiscoveryClient - [fetchRegistry,991] - Application is null : false
08:13:10.771 [DiscoveryClient-CacheRefreshExecutor-0] INFO  c.n.d.DiscoveryClient - [fetchRegistry,992] - Registered Applications size is zero : true
08:13:10.771 [DiscoveryClient-CacheRefreshExecutor-0] INFO  c.n.d.DiscoveryClient - [fetchRegistry,994] - Application version is -1: false
08:13:10.771 [DiscoveryClient-CacheRefreshExecutor-0] INFO  c.n.d.DiscoveryClient - [getAndStoreFullRegistry,1077] - Getting all instance registry info from the eureka server
08:13:10.779 [DiscoveryClient-CacheRefreshExecutor-0] INFO  c.n.d.DiscoveryClient - [getAndStoreFullRegistry,1086] - The response status is 200
08:13:11.127 [Thread-37] INFO  c.n.e.r.AbstractInstanceRegistry - [register,266] - Registered instance REGISTER-8762-SERVICE/172.27.120.192:register-8762-service:8762 with status UP (replication=true)
08:13:11.128 [Thread-37] INFO  c.n.e.r.PeerAwareInstanceRegistryImpl - [openForTraffic,242] - Got 1 instances from neighboring DS node
08:13:11.129 [Thread-37] INFO  c.n.e.r.PeerAwareInstanceRegistryImpl - [openForTraffic,243] - Renew threshold is: 1
08:13:11.130 [Thread-37] INFO  c.n.e.r.PeerAwareInstanceRegistryImpl - [openForTraffic,254] - Changing status to UP
08:13:34.649 [http-nio-8762-exec-10] INFO  c.n.e.r.AbstractInstanceRegistry - [register,266] - Registered instance CONFIG-SERVICE/172.27.120.192:config-service:8888 with status UP (replication=false)
08:14:04.873 [Eureka-EvictionTimer] INFO  c.n.e.r.AbstractInstanceRegistry - [run,1247] - Running the evict task with compensationTime 0ms
08:14:11.132 [Eureka-EvictionTimer] INFO  c.n.e.r.AbstractInstanceRegistry - [run,1247] - Running the evict task with compensationTime 0ms
08:15:04.878 [Eureka-EvictionTimer] INFO  c.n.e.r.AbstractInstanceRegistry - [run,1247] - Running the evict task with compensationTime 4ms
08:15:04.889 [Eureka-EvictionTimer] INFO  c.n.e.r.AbstractInstanceRegistry - [evict,618] - Evicting 1 items (expired=1, evictionLimit=1)
08:15:04.905 [Eureka-EvictionTimer] INFO  c.n.e.r.AbstractInstanceRegistry - [internalCancel,328] - Cancelled instance CONFIG-SERVICE/172.27.120.192:config-service:8888 (replication=false)
08:15:11.142 [Eureka-EvictionTimer] INFO  c.n.e.r.AbstractInstanceRegistry - [run,1247] - Running the evict task with compensationTime 9ms
08:15:11.143 [Eureka-EvictionTimer] INFO  c.n.e.r.AbstractInstanceRegistry - [evict,618] - Evicting 1 items (expired=1, evictionLimit=1)
08:15:11.147 [Eureka-EvictionTimer] INFO  c.n.e.r.AbstractInstanceRegistry - [internalCancel,328] - Cancelled instance REGISTER-8762-SERVICE/172.27.120.192:register-8762-service:8762 (replication=false)
08:16:04.881 [Eureka-EvictionTimer] INFO  c.n.e.r.AbstractInstanceRegistry - [run,1247] - Running the evict task with compensationTime 4ms
08:16:11.153 [Eureka-EvictionTimer] INFO  c.n.e.r.AbstractInstanceRegistry - [run,1247] - Running the evict task with compensationTime 11ms
08:17:04.898 [Eureka-EvictionTimer] INFO  c.n.e.r.AbstractInstanceRegistry - [run,1247] - Running the evict task with compensationTime 2ms
08:17:11.160 [Eureka-EvictionTimer] INFO  c.n.e.r.AbstractInstanceRegistry - [run,1247] - Running the evict task with compensationTime 6ms
08:25:46.023 [main] INFO  c.e.Register8761ServiceApplication - [logStartupProfileInfo,651] - No active profile set, falling back to default profiles: default
08:25:47.739 [main] INFO  o.a.c.h.Http11NioProtocol - [log,173] - Initializing ProtocolHandler ["http-nio-8761"]
08:25:47.740 [main] INFO  o.a.c.c.StandardService - [log,173] - Starting service [Tomcat]
08:25:47.741 [main] INFO  o.a.c.c.StandardEngine - [log,173] - Starting Servlet engine: [Apache Tomcat/9.0.33]
08:25:47.743 [main] INFO  o.a.c.c.AprLifecycleListener - [log,173] - Loaded APR based Apache Tomcat Native library [1.2.25] using APR version [1.7.0].
08:25:47.743 [main] INFO  o.a.c.c.AprLifecycleListener - [log,173] - APR capabilities: IPv6 [true], sendfile [true], accept filters [false], random [true].
08:25:47.743 [main] INFO  o.a.c.c.AprLifecycleListener - [log,173] - APR/OpenSSL configuration: useAprConnector [false], useOpenSSL [true]
08:25:47.749 [main] INFO  o.a.c.c.AprLifecycleListener - [log,173] - OpenSSL successfully initialized [OpenSSL 1.1.1g  21 Apr 2020]
08:25:48.107 [main] INFO  o.a.c.c.C.[.[.[/] - [log,173] - Initializing Spring embedded WebApplicationContext
08:25:48.314 [main] INFO  c.n.c.s.URLConfigurationSource - [<init>,122] - To enable URLs as dynamic configuration sources, define System property archaius.configurationSource.additionalUrls or make config.properties available on classpath.
08:25:48.340 [main] INFO  c.n.c.DynamicPropertyFactory - [getInstance,281] - DynamicPropertyFactory is initialized with configuration sources: com.netflix.config.ConcurrentCompositeConfiguration@2dd8239
08:25:51.205 [main] INFO  c.s.j.s.i.a.WebApplicationImpl - [_initiate,815] - Initiating Jersey application, version 'Jersey: 1.19.1 03/11/2016 02:08 PM'
08:25:51.581 [main] INFO  c.n.d.p.DiscoveryJerseyProvider - [<init>,70] - Using JSON encoding codec LegacyJacksonJson
08:25:51.585 [main] INFO  c.n.d.p.DiscoveryJerseyProvider - [<init>,71] - Using JSON decoding codec LegacyJacksonJson
08:25:52.042 [main] INFO  c.n.d.p.DiscoveryJerseyProvider - [<init>,80] - Using XML encoding codec XStreamXml
08:25:52.042 [main] INFO  c.n.d.p.DiscoveryJerseyProvider - [<init>,81] - Using XML decoding codec XStreamXml
08:25:53.186 [main] INFO  c.n.c.s.URLConfigurationSource - [<init>,122] - To enable URLs as dynamic configuration sources, define System property archaius.configurationSource.additionalUrls or make config.properties available on classpath.
08:25:55.499 [main] INFO  c.n.d.DiscoveryClient - [<init>,371] - Initializing Eureka in region us-east-1
08:25:55.608 [main] INFO  c.e.Register8762ServiceApplication - [logStartupProfileInfo,651] - No active profile set, falling back to default profiles: default
08:25:56.554 [main] INFO  c.n.d.p.DiscoveryJerseyProvider - [<init>,70] - Using JSON encoding codec LegacyJacksonJson
08:25:56.555 [main] INFO  c.n.d.p.DiscoveryJerseyProvider - [<init>,71] - Using JSON decoding codec LegacyJacksonJson
08:25:56.556 [main] INFO  c.n.d.p.DiscoveryJerseyProvider - [<init>,80] - Using XML encoding codec XStreamXml
08:25:56.556 [main] INFO  c.n.d.p.DiscoveryJerseyProvider - [<init>,81] - Using XML decoding codec XStreamXml
08:25:56.726 [main] INFO  c.n.d.s.r.a.ConfigClusterResolver - [getClusterEndpoints,43] - Resolving eureka endpoints via configuration
08:25:57.418 [main] INFO  c.n.d.DiscoveryClient - [fetchRegistry,988] - Disable delta property : false
08:25:57.418 [main] INFO  c.n.d.DiscoveryClient - [fetchRegistry,989] - Single vip registry refresh property : null
08:25:57.419 [main] INFO  c.n.d.DiscoveryClient - [fetchRegistry,990] - Force full registry fetch : false
08:25:57.419 [main] INFO  c.n.d.DiscoveryClient - [fetchRegistry,991] - Application is null : false
08:25:57.419 [main] INFO  c.n.d.DiscoveryClient - [fetchRegistry,992] - Registered Applications size is zero : true
08:25:57.420 [main] INFO  c.n.d.DiscoveryClient - [fetchRegistry,994] - Application version is -1: true
08:25:57.420 [main] INFO  c.n.d.DiscoveryClient - [getAndStoreFullRegistry,1077] - Getting all instance registry info from the eureka server
08:25:57.699 [main] INFO  o.a.c.h.Http11NioProtocol - [log,173] - Initializing ProtocolHandler ["http-nio-8762"]
08:25:57.700 [main] INFO  o.a.c.c.StandardService - [log,173] - Starting service [Tomcat]
08:25:57.701 [main] INFO  o.a.c.c.StandardEngine - [log,173] - Starting Servlet engine: [Apache Tomcat/9.0.33]
08:25:57.703 [main] INFO  o.a.c.c.AprLifecycleListener - [log,173] - Loaded APR based Apache Tomcat Native library [1.2.25] using APR version [1.7.0].
08:25:57.703 [main] INFO  o.a.c.c.AprLifecycleListener - [log,173] - APR capabilities: IPv6 [true], sendfile [true], accept filters [false], random [true].
08:25:57.704 [main] INFO  o.a.c.c.AprLifecycleListener - [log,173] - APR/OpenSSL configuration: useAprConnector [false], useOpenSSL [true]
08:25:57.708 [main] INFO  o.a.c.c.AprLifecycleListener - [log,173] - OpenSSL successfully initialized [OpenSSL 1.1.1g  21 Apr 2020]
08:25:57.979 [main] INFO  o.a.c.c.C.[.[.[/] - [log,173] - Initializing Spring embedded WebApplicationContext
08:25:58.131 [main] INFO  c.n.c.s.URLConfigurationSource - [<init>,122] - To enable URLs as dynamic configuration sources, define System property archaius.configurationSource.additionalUrls or make config.properties available on classpath.
08:25:58.144 [main] INFO  c.n.c.DynamicPropertyFactory - [getInstance,281] - DynamicPropertyFactory is initialized with configuration sources: com.netflix.config.ConcurrentCompositeConfiguration@45bf6f39
08:25:59.818 [main] INFO  c.s.j.s.i.a.WebApplicationImpl - [_initiate,815] - Initiating Jersey application, version 'Jersey: 1.19.1 03/11/2016 02:08 PM'
08:25:59.911 [main] INFO  c.n.d.p.DiscoveryJerseyProvider - [<init>,70] - Using JSON encoding codec LegacyJacksonJson
08:25:59.912 [main] INFO  c.n.d.p.DiscoveryJerseyProvider - [<init>,71] - Using JSON decoding codec LegacyJacksonJson
08:26:00.070 [main] INFO  c.n.d.p.DiscoveryJerseyProvider - [<init>,80] - Using XML encoding codec XStreamXml
08:26:00.070 [main] INFO  c.n.d.p.DiscoveryJerseyProvider - [<init>,81] - Using XML decoding codec XStreamXml
08:26:00.477 [main] INFO  c.n.c.s.URLConfigurationSource - [<init>,122] - To enable URLs as dynamic configuration sources, define System property archaius.configurationSource.additionalUrls or make config.properties available on classpath.
08:26:01.602 [main] INFO  c.n.d.DiscoveryClient - [initScheduledTasks,1301] - Starting heartbeat executor: renew interval is: 30
08:26:01.607 [main] INFO  c.n.d.InstanceInfoReplicator - [<init>,60] - InstanceInfoReplicator onDemand update allowed rate per min is 4
08:26:01.616 [main] INFO  c.n.d.DiscoveryClient - [<init>,475] - Discovery Client initialized at timestamp 1626827161613 with initial instances count: 0
08:26:01.684 [main] INFO  c.n.e.DefaultEurekaServerContext - [initialize,66] - Initializing ...
08:26:01.709 [main] INFO  c.n.e.r.AbstractInstanceRegistry - [initRemoteRegionRegistry,153] - Finished initializing remote region registries. All known remote regions: []
08:26:01.711 [main] INFO  c.n.e.DefaultEurekaServerContext - [initialize,73] - Initialized
08:26:01.900 [main] INFO  c.n.d.DiscoveryClient - [notify,1337] - Saw local status change event StatusChangeEvent [timestamp=1626827161900, current=UP, previous=STARTING]
08:26:01.906 [DiscoveryClient-InstanceInfoReplicator-0] INFO  c.n.d.DiscoveryClient - [register,854] - DiscoveryClient_REGISTER-8761-SERVICE/172.27.120.192:register-8761-service:8761: registering service...
08:26:01.951 [main] INFO  o.a.c.h.Http11NioProtocol - [log,173] - Starting ProtocolHandler ["http-nio-8761"]
08:26:02.319 [main] INFO  c.n.d.DiscoveryClient - [<init>,371] - Initializing Eureka in region us-east-1
08:26:02.959 [main] INFO  c.e.Register8761ServiceApplication - [logStarted,61] - Started Register8761ServiceApplication in 22.057 seconds (JVM running for 24.53)
08:26:03.240 [main] INFO  c.n.d.p.DiscoveryJerseyProvider - [<init>,70] - Using JSON encoding codec LegacyJacksonJson
08:26:03.240 [main] INFO  c.n.d.p.DiscoveryJerseyProvider - [<init>,71] - Using JSON decoding codec LegacyJacksonJson
08:26:03.241 [main] INFO  c.n.d.p.DiscoveryJerseyProvider - [<init>,80] - Using XML encoding codec XStreamXml
08:26:03.241 [main] INFO  c.n.d.p.DiscoveryJerseyProvider - [<init>,81] - Using XML decoding codec XStreamXml
08:26:03.452 [main] INFO  c.n.d.s.r.a.ConfigClusterResolver - [getClusterEndpoints,43] - Resolving eureka endpoints via configuration
08:26:04.127 [main] INFO  c.n.d.DiscoveryClient - [fetchRegistry,988] - Disable delta property : false
08:26:04.127 [main] INFO  c.n.d.DiscoveryClient - [fetchRegistry,989] - Single vip registry refresh property : null
08:26:04.128 [main] INFO  c.n.d.DiscoveryClient - [fetchRegistry,990] - Force full registry fetch : false
08:26:04.128 [main] INFO  c.n.d.DiscoveryClient - [fetchRegistry,991] - Application is null : false
08:26:04.128 [main] INFO  c.n.d.DiscoveryClient - [fetchRegistry,992] - Registered Applications size is zero : true
08:26:04.129 [main] INFO  c.n.d.DiscoveryClient - [fetchRegistry,994] - Application version is -1: true
08:26:04.129 [main] INFO  c.n.d.DiscoveryClient - [getAndStoreFullRegistry,1077] - Getting all instance registry info from the eureka server
08:26:04.367 [http-nio-8761-exec-1] INFO  o.a.c.c.C.[.[.[/] - [log,173] - Initializing Spring DispatcherServlet 'dispatcherServlet'
08:26:04.543 [main] INFO  c.n.d.DiscoveryClient - [getAndStoreFullRegistry,1086] - The response status is 200
08:26:04.547 [main] INFO  c.n.d.DiscoveryClient - [initScheduledTasks,1301] - Starting heartbeat executor: renew interval is: 30
08:26:04.554 [main] INFO  c.n.d.InstanceInfoReplicator - [<init>,60] - InstanceInfoReplicator onDemand update allowed rate per min is 4
08:26:04.561 [main] INFO  c.n.d.DiscoveryClient - [<init>,475] - Discovery Client initialized at timestamp 1626827164558 with initial instances count: 0
08:26:04.682 [main] INFO  c.n.e.DefaultEurekaServerContext - [initialize,66] - Initializing ...
08:26:04.710 [main] INFO  c.n.e.r.AbstractInstanceRegistry - [initRemoteRegionRegistry,153] - Finished initializing remote region registries. All known remote regions: []
08:26:04.711 [main] INFO  c.n.e.DefaultEurekaServerContext - [initialize,73] - Initialized
08:26:04.921 [main] INFO  c.n.d.DiscoveryClient - [notify,1337] - Saw local status change event StatusChangeEvent [timestamp=1626827164921, current=UP, previous=STARTING]
08:26:04.924 [DiscoveryClient-InstanceInfoReplicator-0] INFO  c.n.d.DiscoveryClient - [register,854] - DiscoveryClient_REGISTER-8762-SERVICE/172.27.120.192:register-8762-service:8762: registering service...
08:26:04.967 [main] INFO  o.a.c.h.Http11NioProtocol - [log,173] - Starting ProtocolHandler ["http-nio-8762"]
08:26:05.072 [http-nio-8761-exec-2] INFO  c.n.e.r.AbstractInstanceRegistry - [register,266] - Registered instance REGISTER-8762-SERVICE/172.27.120.192:register-8762-service:8762 with status UP (replication=false)
08:26:05.074 [DiscoveryClient-InstanceInfoReplicator-0] INFO  c.n.d.DiscoveryClient - [register,863] - DiscoveryClient_REGISTER-8762-SERVICE/172.27.120.192:register-8762-service:8762 - registration status: 204
08:26:05.605 [http-nio-8762-exec-1] INFO  o.a.c.c.C.[.[.[/] - [log,173] - Initializing Spring DispatcherServlet 'dispatcherServlet'
08:26:05.704 [http-nio-8762-exec-1] INFO  c.n.e.r.AbstractInstanceRegistry - [register,266] - Registered instance REGISTER-8761-SERVICE/172.27.120.192:register-8761-service:8761 with status UP (replication=false)
08:26:05.730 [DiscoveryClient-InstanceInfoReplicator-0] INFO  c.n.d.DiscoveryClient - [register,863] - DiscoveryClient_REGISTER-8761-SERVICE/172.27.120.192:register-8761-service:8761 - registration status: 204
08:26:05.914 [main] INFO  c.e.Register8762ServiceApplication - [logStarted,61] - Started Register8762ServiceApplication in 14.782 seconds (JVM running for 17.883)
08:26:31.608 [DiscoveryClient-CacheRefreshExecutor-0] INFO  c.n.d.DiscoveryClient - [fetchRegistry,988] - Disable delta property : false
08:26:31.608 [DiscoveryClient-CacheRefreshExecutor-0] INFO  c.n.d.DiscoveryClient - [fetchRegistry,989] - Single vip registry refresh property : null
08:26:31.608 [DiscoveryClient-CacheRefreshExecutor-0] INFO  c.n.d.DiscoveryClient - [fetchRegistry,990] - Force full registry fetch : false
08:26:31.609 [DiscoveryClient-CacheRefreshExecutor-0] INFO  c.n.d.DiscoveryClient - [fetchRegistry,991] - Application is null : false
08:26:31.609 [DiscoveryClient-CacheRefreshExecutor-0] INFO  c.n.d.DiscoveryClient - [fetchRegistry,992] - Registered Applications size is zero : true
08:26:31.609 [DiscoveryClient-CacheRefreshExecutor-0] INFO  c.n.d.DiscoveryClient - [fetchRegistry,994] - Application version is -1: true
08:26:31.609 [DiscoveryClient-CacheRefreshExecutor-0] INFO  c.n.d.DiscoveryClient - [getAndStoreFullRegistry,1077] - Getting all instance registry info from the eureka server
08:26:31.643 [DiscoveryClient-CacheRefreshExecutor-0] INFO  c.n.d.DiscoveryClient - [getAndStoreFullRegistry,1086] - The response status is 200
08:26:31.950 [Thread-45] INFO  c.n.e.r.AbstractInstanceRegistry - [register,266] - Registered instance REGISTER-8761-SERVICE/172.27.120.192:register-8761-service:8761 with status UP (replication=true)
08:26:31.951 [Thread-45] INFO  c.n.e.r.PeerAwareInstanceRegistryImpl - [openForTraffic,242] - Got 1 instances from neighboring DS node
08:26:31.951 [Thread-45] INFO  c.n.e.r.PeerAwareInstanceRegistryImpl - [openForTraffic,243] - Renew threshold is: 1
08:26:31.951 [Thread-45] INFO  c.n.e.r.PeerAwareInstanceRegistryImpl - [openForTraffic,254] - Changing status to UP
08:26:34.559 [DiscoveryClient-CacheRefreshExecutor-0] INFO  c.n.d.DiscoveryClient - [fetchRegistry,988] - Disable delta property : false
08:26:34.560 [DiscoveryClient-CacheRefreshExecutor-0] INFO  c.n.d.DiscoveryClient - [fetchRegistry,989] - Single vip registry refresh property : null
08:26:34.563 [DiscoveryClient-CacheRefreshExecutor-0] INFO  c.n.d.DiscoveryClient - [fetchRegistry,990] - Force full registry fetch : false
08:26:34.564 [DiscoveryClient-CacheRefreshExecutor-0] INFO  c.n.d.DiscoveryClient - [fetchRegistry,991] - Application is null : false
08:26:34.565 [DiscoveryClient-CacheRefreshExecutor-0] INFO  c.n.d.DiscoveryClient - [fetchRegistry,992] - Registered Applications size is zero : true
08:26:34.565 [DiscoveryClient-CacheRefreshExecutor-0] INFO  c.n.d.DiscoveryClient - [fetchRegistry,994] - Application version is -1: false
08:26:34.566 [DiscoveryClient-CacheRefreshExecutor-0] INFO  c.n.d.DiscoveryClient - [getAndStoreFullRegistry,1077] - Getting all instance registry info from the eureka server
08:26:34.584 [DiscoveryClient-CacheRefreshExecutor-0] INFO  c.n.d.DiscoveryClient - [getAndStoreFullRegistry,1086] - The response status is 200
08:26:34.976 [Thread-35] INFO  c.n.e.r.AbstractInstanceRegistry - [register,266] - Registered instance REGISTER-8762-SERVICE/172.27.120.192:register-8762-service:8762 with status UP (replication=true)
08:26:34.976 [Thread-35] INFO  c.n.e.r.PeerAwareInstanceRegistryImpl - [openForTraffic,242] - Got 1 instances from neighboring DS node
08:26:34.977 [Thread-35] INFO  c.n.e.r.PeerAwareInstanceRegistryImpl - [openForTraffic,243] - Renew threshold is: 1
08:26:34.977 [Thread-35] INFO  c.n.e.r.PeerAwareInstanceRegistryImpl - [openForTraffic,254] - Changing status to UP
08:27:31.958 [Eureka-EvictionTimer] INFO  c.n.e.r.AbstractInstanceRegistry - [run,1247] - Running the evict task with compensationTime 0ms
08:27:34.991 [Eureka-EvictionTimer] INFO  c.n.e.r.AbstractInstanceRegistry - [run,1247] - Running the evict task with compensationTime 0ms
08:28:31.963 [Eureka-EvictionTimer] INFO  c.n.e.r.AbstractInstanceRegistry - [run,1247] - Running the evict task with compensationTime 4ms
08:28:31.964 [Eureka-EvictionTimer] INFO  c.n.e.r.AbstractInstanceRegistry - [evict,618] - Evicting 1 items (expired=1, evictionLimit=1)
08:28:31.970 [Eureka-EvictionTimer] INFO  c.n.e.r.AbstractInstanceRegistry - [internalCancel,328] - Cancelled instance REGISTER-8761-SERVICE/172.27.120.192:register-8761-service:8761 (replication=false)
08:28:34.996 [Eureka-EvictionTimer] INFO  c.n.e.r.AbstractInstanceRegistry - [run,1247] - Running the evict task with compensationTime 5ms
08:28:34.996 [Eureka-EvictionTimer] INFO  c.n.e.r.AbstractInstanceRegistry - [evict,618] - Evicting 1 items (expired=1, evictionLimit=1)
08:28:34.998 [Eureka-EvictionTimer] INFO  c.n.e.r.AbstractInstanceRegistry - [internalCancel,328] - Cancelled instance REGISTER-8762-SERVICE/172.27.120.192:register-8762-service:8762 (replication=false)
08:29:31.977 [Eureka-EvictionTimer] INFO  c.n.e.r.AbstractInstanceRegistry - [run,1247] - Running the evict task with compensationTime 13ms
08:29:35.000 [Eureka-EvictionTimer] INFO  c.n.e.r.AbstractInstanceRegistry - [run,1247] - Running the evict task with compensationTime 3ms
08:30:31.989 [Eureka-EvictionTimer] INFO  c.n.e.r.AbstractInstanceRegistry - [run,1247] - Running the evict task with compensationTime 11ms
08:30:35.010 [Eureka-EvictionTimer] INFO  c.n.e.r.AbstractInstanceRegistry - [run,1247] - Running the evict task with compensationTime 10ms
08:30:57.425 [AsyncResolver-bootstrap-executor-0] INFO  c.n.d.s.r.a.ConfigClusterResolver - [getClusterEndpoints,43] - Resolving eureka endpoints via configuration
08:31:04.146 [AsyncResolver-bootstrap-executor-0] INFO  c.n.d.s.r.a.ConfigClusterResolver - [getClusterEndpoints,43] - Resolving eureka endpoints via configuration
08:31:21.384 [http-nio-8762-exec-9] INFO  c.n.e.r.AbstractInstanceRegistry - [register,266] - Registered instance CONFIG-SERVICE/172.27.120.192:config-service:8888 with status UP (replication=false)
08:31:31.989 [Eureka-EvictionTimer] INFO  c.n.e.r.AbstractInstanceRegistry - [run,1247] - Running the evict task with compensationTime 0ms
08:31:35.019 [Eureka-EvictionTimer] INFO  c.n.e.r.AbstractInstanceRegistry - [run,1247] - Running the evict task with compensationTime 8ms
08:32:22.945 [http-nio-8762-exec-1] INFO  c.n.e.r.AbstractInstanceRegistry - [register,266] - Registered instance CONFIG-SERVICE/172.27.120.192:config-service:8888 with status UP (replication=false)
08:32:32.002 [Eureka-EvictionTimer] INFO  c.n.e.r.AbstractInstanceRegistry - [run,1247] - Running the evict task with compensationTime 13ms
08:32:35.032 [Eureka-EvictionTimer] INFO  c.n.e.r.AbstractInstanceRegistry - [run,1247] - Running the evict task with compensationTime 13ms
09:01:29.630 [main] INFO  c.e.Register8761ServiceApplication - [logStartupProfileInfo,651] - No active profile set, falling back to default profiles: default
09:01:32.046 [main] INFO  o.a.c.h.Http11NioProtocol - [log,173] - Initializing ProtocolHandler ["http-nio-8761"]
09:01:32.048 [main] INFO  o.a.c.c.StandardService - [log,173] - Starting service [Tomcat]
09:01:32.049 [main] INFO  o.a.c.c.StandardEngine - [log,173] - Starting Servlet engine: [Apache Tomcat/9.0.33]
09:01:32.052 [main] INFO  o.a.c.c.AprLifecycleListener - [log,173] - Loaded APR based Apache Tomcat Native library [1.2.25] using APR version [1.7.0].
09:01:32.053 [main] INFO  o.a.c.c.AprLifecycleListener - [log,173] - APR capabilities: IPv6 [true], sendfile [true], accept filters [false], random [true].
09:01:32.055 [main] INFO  o.a.c.c.AprLifecycleListener - [log,173] - APR/OpenSSL configuration: useAprConnector [false], useOpenSSL [true]
09:01:32.083 [main] INFO  o.a.c.c.AprLifecycleListener - [log,173] - OpenSSL successfully initialized [OpenSSL 1.1.1g  21 Apr 2020]
09:01:32.595 [main] INFO  o.a.c.c.C.[.[.[/] - [log,173] - Initializing Spring embedded WebApplicationContext
09:01:32.980 [main] INFO  c.n.c.s.URLConfigurationSource - [<init>,122] - To enable URLs as dynamic configuration sources, define System property archaius.configurationSource.additionalUrls or make config.properties available on classpath.
09:01:33.017 [main] INFO  c.n.c.DynamicPropertyFactory - [getInstance,281] - DynamicPropertyFactory is initialized with configuration sources: com.netflix.config.ConcurrentCompositeConfiguration@78525ef9
09:01:37.255 [main] INFO  c.s.j.s.i.a.WebApplicationImpl - [_initiate,815] - Initiating Jersey application, version 'Jersey: 1.19.1 03/11/2016 02:08 PM'
09:01:37.502 [main] INFO  c.n.d.p.DiscoveryJerseyProvider - [<init>,70] - Using JSON encoding codec LegacyJacksonJson
09:01:37.504 [main] INFO  c.n.d.p.DiscoveryJerseyProvider - [<init>,71] - Using JSON decoding codec LegacyJacksonJson
09:01:37.890 [main] INFO  c.n.d.p.DiscoveryJerseyProvider - [<init>,80] - Using XML encoding codec XStreamXml
09:01:37.891 [main] INFO  c.n.d.p.DiscoveryJerseyProvider - [<init>,81] - Using XML decoding codec XStreamXml
09:01:38.809 [main] INFO  c.n.c.s.URLConfigurationSource - [<init>,122] - To enable URLs as dynamic configuration sources, define System property archaius.configurationSource.additionalUrls or make config.properties available on classpath.
09:01:40.518 [main] INFO  c.e.Register8762ServiceApplication - [logStartupProfileInfo,651] - No active profile set, falling back to default profiles: default
09:01:41.091 [main] INFO  c.n.d.DiscoveryClient - [<init>,371] - Initializing Eureka in region us-east-1
09:01:42.301 [main] INFO  c.n.d.p.DiscoveryJerseyProvider - [<init>,70] - Using JSON encoding codec LegacyJacksonJson
09:01:42.302 [main] INFO  c.n.d.p.DiscoveryJerseyProvider - [<init>,71] - Using JSON decoding codec LegacyJacksonJson
09:01:42.303 [main] INFO  c.n.d.p.DiscoveryJerseyProvider - [<init>,80] - Using XML encoding codec XStreamXml
09:01:42.303 [main] INFO  c.n.d.p.DiscoveryJerseyProvider - [<init>,81] - Using XML decoding codec XStreamXml
09:01:42.497 [main] INFO  c.n.d.s.r.a.ConfigClusterResolver - [getClusterEndpoints,43] - Resolving eureka endpoints via configuration
09:01:42.978 [main] INFO  o.a.c.h.Http11NioProtocol - [log,173] - Initializing ProtocolHandler ["http-nio-8762"]
09:01:42.980 [main] INFO  o.a.c.c.StandardService - [log,173] - Starting service [Tomcat]
09:01:42.981 [main] INFO  o.a.c.c.StandardEngine - [log,173] - Starting Servlet engine: [Apache Tomcat/9.0.33]
09:01:42.986 [main] INFO  o.a.c.c.AprLifecycleListener - [log,173] - Loaded APR based Apache Tomcat Native library [1.2.25] using APR version [1.7.0].
09:01:42.987 [main] INFO  o.a.c.c.AprLifecycleListener - [log,173] - APR capabilities: IPv6 [true], sendfile [true], accept filters [false], random [true].
09:01:42.987 [main] INFO  o.a.c.c.AprLifecycleListener - [log,173] - APR/OpenSSL configuration: useAprConnector [false], useOpenSSL [true]
09:01:42.995 [main] INFO  o.a.c.c.AprLifecycleListener - [log,173] - OpenSSL successfully initialized [OpenSSL 1.1.1g  21 Apr 2020]
09:01:43.264 [main] INFO  c.n.d.DiscoveryClient - [fetchRegistry,988] - Disable delta property : false
09:01:43.264 [main] INFO  c.n.d.DiscoveryClient - [fetchRegistry,989] - Single vip registry refresh property : null
09:01:43.265 [main] INFO  c.n.d.DiscoveryClient - [fetchRegistry,990] - Force full registry fetch : false
09:01:43.265 [main] INFO  c.n.d.DiscoveryClient - [fetchRegistry,991] - Application is null : false
09:01:43.265 [main] INFO  c.n.d.DiscoveryClient - [fetchRegistry,992] - Registered Applications size is zero : true
09:01:43.266 [main] INFO  c.n.d.DiscoveryClient - [fetchRegistry,994] - Application version is -1: true
09:01:43.266 [main] INFO  c.n.d.DiscoveryClient - [getAndStoreFullRegistry,1077] - Getting all instance registry info from the eureka server
09:01:43.278 [main] INFO  o.a.c.c.C.[.[.[/] - [log,173] - Initializing Spring embedded WebApplicationContext
09:01:43.396 [main] INFO  c.n.c.s.URLConfigurationSource - [<init>,122] - To enable URLs as dynamic configuration sources, define System property archaius.configurationSource.additionalUrls or make config.properties available on classpath.
09:01:43.409 [main] INFO  c.n.c.DynamicPropertyFactory - [getInstance,281] - DynamicPropertyFactory is initialized with configuration sources: com.netflix.config.ConcurrentCompositeConfiguration@46c3a14d
09:01:45.050 [main] INFO  c.s.j.s.i.a.WebApplicationImpl - [_initiate,815] - Initiating Jersey application, version 'Jersey: 1.19.1 03/11/2016 02:08 PM'
09:01:45.134 [main] INFO  c.n.d.p.DiscoveryJerseyProvider - [<init>,70] - Using JSON encoding codec LegacyJacksonJson
09:01:45.136 [main] INFO  c.n.d.p.DiscoveryJerseyProvider - [<init>,71] - Using JSON decoding codec LegacyJacksonJson
09:01:45.282 [main] INFO  c.n.d.p.DiscoveryJerseyProvider - [<init>,80] - Using XML encoding codec XStreamXml
09:01:45.282 [main] INFO  c.n.d.p.DiscoveryJerseyProvider - [<init>,81] - Using XML decoding codec XStreamXml
09:01:45.422 [main] INFO  c.n.d.DiscoveryClient - [initScheduledTasks,1301] - Starting heartbeat executor: renew interval is: 30
09:01:45.426 [main] INFO  c.n.d.InstanceInfoReplicator - [<init>,60] - InstanceInfoReplicator onDemand update allowed rate per min is 4
09:01:45.434 [main] INFO  c.n.d.DiscoveryClient - [<init>,475] - Discovery Client initialized at timestamp 1626829305431 with initial instances count: 0
09:01:45.490 [main] INFO  c.n.e.DefaultEurekaServerContext - [initialize,66] - Initializing ...
09:01:45.492 [main] INFO  c.n.e.c.PeerEurekaNodes - [updatePeerEurekaNodes,187] - Adding new peer nodes [http://register8762.com:8762/eureka/]
09:01:45.496 [main] INFO  c.n.d.p.DiscoveryJerseyProvider - [<init>,70] - Using JSON encoding codec LegacyJacksonJson
09:01:45.497 [main] INFO  c.n.d.p.DiscoveryJerseyProvider - [<init>,71] - Using JSON decoding codec LegacyJacksonJson
09:01:45.497 [main] INFO  c.n.d.p.DiscoveryJerseyProvider - [<init>,80] - Using XML encoding codec XStreamXml
09:01:45.497 [main] INFO  c.n.d.p.DiscoveryJerseyProvider - [<init>,81] - Using XML decoding codec XStreamXml
09:01:45.638 [main] INFO  c.n.e.c.PeerEurekaNodes - [start,109] - Replica node URL:  http://register8762.com:8762/eureka/
09:01:45.654 [main] INFO  c.n.e.r.AbstractInstanceRegistry - [initRemoteRegionRegistry,153] - Finished initializing remote region registries. All known remote regions: []
09:01:45.655 [main] INFO  c.n.e.DefaultEurekaServerContext - [initialize,73] - Initialized
09:01:45.888 [main] INFO  c.n.d.DiscoveryClient - [notify,1337] - Saw local status change event StatusChangeEvent [timestamp=1626829305888, current=UP, previous=STARTING]
09:01:45.892 [DiscoveryClient-InstanceInfoReplicator-0] INFO  c.n.d.DiscoveryClient - [register,854] - DiscoveryClient_REGISTER-8761-SERVICE/172.27.120.192:register-8761-service:8761: registering service...
09:01:45.922 [main] INFO  c.n.c.s.URLConfigurationSource - [<init>,122] - To enable URLs as dynamic configuration sources, define System property archaius.configurationSource.additionalUrls or make config.properties available on classpath.
09:01:45.957 [main] INFO  o.a.c.h.Http11NioProtocol - [log,173] - Starting ProtocolHandler ["http-nio-8761"]
09:01:47.066 [main] INFO  c.e.Register8761ServiceApplication - [logStarted,61] - Started Register8761ServiceApplication in 23.266 seconds (JVM running for 25.96)
09:01:47.778 [RMI TCP Connection(2)-172.28.160.1] INFO  o.a.c.c.C.[.[.[/] - [log,173] - Initializing Spring DispatcherServlet 'dispatcherServlet'
09:01:48.138 [main] INFO  c.n.d.DiscoveryClient - [<init>,371] - Initializing Eureka in region us-east-1
09:01:48.952 [main] INFO  c.n.d.p.DiscoveryJerseyProvider - [<init>,70] - Using JSON encoding codec LegacyJacksonJson
09:01:48.952 [main] INFO  c.n.d.p.DiscoveryJerseyProvider - [<init>,71] - Using JSON decoding codec LegacyJacksonJson
09:01:48.952 [main] INFO  c.n.d.p.DiscoveryJerseyProvider - [<init>,80] - Using XML encoding codec XStreamXml
09:01:48.953 [main] INFO  c.n.d.p.DiscoveryJerseyProvider - [<init>,81] - Using XML decoding codec XStreamXml
09:01:49.073 [main] INFO  c.n.d.s.r.a.ConfigClusterResolver - [getClusterEndpoints,43] - Resolving eureka endpoints via configuration
09:01:49.627 [main] INFO  c.n.d.DiscoveryClient - [fetchRegistry,988] - Disable delta property : false
09:01:49.628 [main] INFO  c.n.d.DiscoveryClient - [fetchRegistry,989] - Single vip registry refresh property : null
09:01:49.628 [main] INFO  c.n.d.DiscoveryClient - [fetchRegistry,990] - Force full registry fetch : false
09:01:49.628 [main] INFO  c.n.d.DiscoveryClient - [fetchRegistry,991] - Application is null : false
09:01:49.628 [main] INFO  c.n.d.DiscoveryClient - [fetchRegistry,992] - Registered Applications size is zero : true
09:01:49.629 [main] INFO  c.n.d.DiscoveryClient - [fetchRegistry,994] - Application version is -1: true
09:01:49.629 [main] INFO  c.n.d.DiscoveryClient - [getAndStoreFullRegistry,1077] - Getting all instance registry info from the eureka server
09:01:49.997 [main] INFO  c.n.d.DiscoveryClient - [getAndStoreFullRegistry,1086] - The response status is 200
09:01:50.000 [main] INFO  c.n.d.DiscoveryClient - [initScheduledTasks,1301] - Starting heartbeat executor: renew interval is: 30
09:01:50.007 [main] INFO  c.n.d.InstanceInfoReplicator - [<init>,60] - InstanceInfoReplicator onDemand update allowed rate per min is 4
09:01:50.014 [main] INFO  c.n.d.DiscoveryClient - [<init>,475] - Discovery Client initialized at timestamp 1626829310012 with initial instances count: 0
09:01:50.072 [main] INFO  c.n.e.DefaultEurekaServerContext - [initialize,66] - Initializing ...
09:01:50.075 [main] INFO  c.n.e.c.PeerEurekaNodes - [updatePeerEurekaNodes,187] - Adding new peer nodes [http://register8761.com:8761/eureka/]
09:01:50.084 [main] INFO  c.n.d.p.DiscoveryJerseyProvider - [<init>,70] - Using JSON encoding codec LegacyJacksonJson
09:01:50.085 [main] INFO  c.n.d.p.DiscoveryJerseyProvider - [<init>,71] - Using JSON decoding codec LegacyJacksonJson
09:01:50.086 [main] INFO  c.n.d.p.DiscoveryJerseyProvider - [<init>,80] - Using XML encoding codec XStreamXml
09:01:50.086 [main] INFO  c.n.d.p.DiscoveryJerseyProvider - [<init>,81] - Using XML decoding codec XStreamXml
09:01:50.307 [main] INFO  c.n.e.c.PeerEurekaNodes - [start,109] - Replica node URL:  http://register8761.com:8761/eureka/
09:01:50.325 [main] INFO  c.n.e.r.AbstractInstanceRegistry - [initRemoteRegionRegistry,153] - Finished initializing remote region registries. All known remote regions: []
09:01:50.327 [main] INFO  c.n.e.DefaultEurekaServerContext - [initialize,73] - Initialized
09:01:50.463 [main] INFO  c.n.d.DiscoveryClient - [notify,1337] - Saw local status change event StatusChangeEvent [timestamp=1626829310463, current=UP, previous=STARTING]
09:01:50.466 [DiscoveryClient-InstanceInfoReplicator-0] INFO  c.n.d.DiscoveryClient - [register,854] - DiscoveryClient_REGISTER-8762-SERVICE/172.27.120.192:register-8762-service:8762: registering service...
09:01:50.501 [main] INFO  o.a.c.h.Http11NioProtocol - [log,173] - Starting ProtocolHandler ["http-nio-8762"]
09:01:50.619 [http-nio-8761-exec-2] INFO  c.n.e.r.AbstractInstanceRegistry - [register,266] - Registered instance REGISTER-8762-SERVICE/172.27.120.192:register-8762-service:8762 with status UP (replication=false)
09:01:50.624 [DiscoveryClient-InstanceInfoReplicator-0] INFO  c.n.d.DiscoveryClient - [register,863] - DiscoveryClient_REGISTER-8762-SERVICE/172.27.120.192:register-8762-service:8762 - registration status: 204
09:01:51.365 [http-nio-8762-exec-1] INFO  o.a.c.c.C.[.[.[/] - [log,173] - Initializing Spring DispatcherServlet 'dispatcherServlet'
09:01:51.503 [http-nio-8762-exec-1] INFO  c.n.e.r.AbstractInstanceRegistry - [register,266] - Registered instance REGISTER-8762-SERVICE/172.27.120.192:register-8762-service:8762 with status UP (replication=true)
09:01:52.056 [main] INFO  c.e.Register8762ServiceApplication - [logStarted,61] - Started Register8762ServiceApplication in 16.882 seconds (JVM running for 20.492)
09:01:52.479 [http-nio-8762-exec-2] INFO  c.n.e.r.AbstractInstanceRegistry - [register,266] - Registered instance REGISTER-8762-SERVICE/172.27.120.192:register-8762-service:8762 with status UP (replication=true)
09:02:15.444 [DiscoveryClient-CacheRefreshExecutor-0] INFO  c.n.d.DiscoveryClient - [fetchRegistry,988] - Disable delta property : false
09:02:15.444 [DiscoveryClient-CacheRefreshExecutor-0] INFO  c.n.d.DiscoveryClient - [fetchRegistry,989] - Single vip registry refresh property : null
09:02:15.445 [DiscoveryClient-CacheRefreshExecutor-0] INFO  c.n.d.DiscoveryClient - [fetchRegistry,990] - Force full registry fetch : false
09:02:15.446 [DiscoveryClient-CacheRefreshExecutor-0] INFO  c.n.d.DiscoveryClient - [fetchRegistry,991] - Application is null : false
09:02:15.449 [DiscoveryClient-CacheRefreshExecutor-0] INFO  c.n.d.DiscoveryClient - [fetchRegistry,992] - Registered Applications size is zero : true
09:02:15.450 [DiscoveryClient-CacheRefreshExecutor-0] INFO  c.n.d.DiscoveryClient - [fetchRegistry,994] - Application version is -1: true
09:02:15.452 [DiscoveryClient-CacheRefreshExecutor-0] INFO  c.n.d.DiscoveryClient - [getAndStoreFullRegistry,1077] - Getting all instance registry info from the eureka server
09:02:15.493 [DiscoveryClient-HeartbeatExecutor-0] INFO  c.n.d.DiscoveryClient - [renew,878] - DiscoveryClient_REGISTER-8761-SERVICE/172.27.120.192:register-8761-service:8761 - Re-registering apps/REGISTER-8761-SERVICE
09:02:15.495 [DiscoveryClient-HeartbeatExecutor-0] INFO  c.n.d.DiscoveryClient - [register,854] - DiscoveryClient_REGISTER-8761-SERVICE/172.27.120.192:register-8761-service:8761: registering service...
09:02:15.510 [http-nio-8762-exec-5] INFO  c.n.e.r.AbstractInstanceRegistry - [register,266] - Registered instance REGISTER-8761-SERVICE/172.27.120.192:register-8761-service:8761 with status UP (replication=false)
09:02:15.523 [DiscoveryClient-HeartbeatExecutor-0] INFO  c.n.d.DiscoveryClient - [register,863] - DiscoveryClient_REGISTER-8761-SERVICE/172.27.120.192:register-8761-service:8761 - registration status: 204
09:02:15.537 [DiscoveryClient-CacheRefreshExecutor-0] INFO  c.n.d.DiscoveryClient - [getAndStoreFullRegistry,1086] - The response status is 200
09:02:15.998 [Thread-50] INFO  c.n.e.r.AbstractInstanceRegistry - [register,266] - Registered instance REGISTER-8762-SERVICE/172.27.120.192:register-8762-service:8762 with status UP (replication=true)
09:02:15.999 [Thread-50] INFO  c.n.e.r.PeerAwareInstanceRegistryImpl - [openForTraffic,242] - Got 1 instances from neighboring DS node
09:02:15.999 [Thread-50] INFO  c.n.e.r.PeerAwareInstanceRegistryImpl - [openForTraffic,243] - Renew threshold is: 1
09:02:16.000 [Thread-50] INFO  c.n.e.r.PeerAwareInstanceRegistryImpl - [openForTraffic,254] - Changing status to UP
09:02:16.050 [http-nio-8761-exec-3] INFO  c.n.e.r.AbstractInstanceRegistry - [register,266] - Registered instance REGISTER-8761-SERVICE/172.27.120.192:register-8761-service:8761 with status UP (replication=true)
09:02:20.006 [DiscoveryClient-CacheRefreshExecutor-0] INFO  c.n.d.DiscoveryClient - [fetchRegistry,988] - Disable delta property : false
09:02:20.006 [DiscoveryClient-CacheRefreshExecutor-0] INFO  c.n.d.DiscoveryClient - [fetchRegistry,989] - Single vip registry refresh property : null
09:02:20.006 [DiscoveryClient-CacheRefreshExecutor-0] INFO  c.n.d.DiscoveryClient - [fetchRegistry,990] - Force full registry fetch : false
09:02:20.006 [DiscoveryClient-CacheRefreshExecutor-0] INFO  c.n.d.DiscoveryClient - [fetchRegistry,991] - Application is null : false
09:02:20.007 [DiscoveryClient-CacheRefreshExecutor-0] INFO  c.n.d.DiscoveryClient - [fetchRegistry,992] - Registered Applications size is zero : true
09:02:20.007 [DiscoveryClient-CacheRefreshExecutor-0] INFO  c.n.d.DiscoveryClient - [fetchRegistry,994] - Application version is -1: false
09:02:20.007 [DiscoveryClient-CacheRefreshExecutor-0] INFO  c.n.d.DiscoveryClient - [getAndStoreFullRegistry,1077] - Getting all instance registry info from the eureka server
09:02:20.013 [DiscoveryClient-CacheRefreshExecutor-0] INFO  c.n.d.DiscoveryClient - [getAndStoreFullRegistry,1086] - The response status is 200
09:02:20.517 [Thread-37] INFO  c.n.e.r.AbstractInstanceRegistry - [register,266] - Registered instance REGISTER-8762-SERVICE/172.27.120.192:register-8762-service:8762 with status UP (replication=true)
09:02:20.518 [Thread-37] INFO  c.n.e.r.PeerAwareInstanceRegistryImpl - [openForTraffic,242] - Got 1 instances from neighboring DS node
09:02:20.519 [Thread-37] INFO  c.n.e.r.PeerAwareInstanceRegistryImpl - [openForTraffic,243] - Renew threshold is: 1
09:02:20.519 [Thread-37] INFO  c.n.e.r.PeerAwareInstanceRegistryImpl - [openForTraffic,254] - Changing status to UP
09:03:16.009 [Eureka-EvictionTimer] INFO  c.n.e.r.AbstractInstanceRegistry - [run,1247] - Running the evict task with compensationTime 0ms
09:03:20.522 [Eureka-EvictionTimer] INFO  c.n.e.r.AbstractInstanceRegistry - [run,1247] - Running the evict task with compensationTime 0ms
09:04:11.449 [http-nio-8762-exec-10] INFO  c.n.e.r.AbstractInstanceRegistry - [register,266] - Registered instance CONFIG-SERVICE/172.27.120.192:config-service:8888 with status UP (replication=false)
09:04:11.982 [http-nio-8761-exec-1] INFO  c.n.e.r.AbstractInstanceRegistry - [register,266] - Registered instance CONFIG-SERVICE/172.27.120.192:config-service:8888 with status UP (replication=true)
09:04:16.020 [Eureka-EvictionTimer] INFO  c.n.e.r.AbstractInstanceRegistry - [run,1247] - Running the evict task with compensationTime 10ms
09:04:20.535 [Eureka-EvictionTimer] INFO  c.n.e.r.AbstractInstanceRegistry - [run,1247] - Running the evict task with compensationTime 13ms
09:05:16.030 [Eureka-EvictionTimer] INFO  c.n.e.r.AbstractInstanceRegistry - [run,1247] - Running the evict task with compensationTime 9ms
09:05:20.550 [Eureka-EvictionTimer] INFO  c.n.e.r.AbstractInstanceRegistry - [run,1247] - Running the evict task with compensationTime 14ms
09:06:13.849 [main] INFO  c.e.IdServiceApplication - [logStartupProfileInfo,651] - No active profile set, falling back to default profiles: default
09:06:15.797 [main] INFO  o.a.c.h.Http11NioProtocol - [log,173] - Initializing ProtocolHandler ["http-nio-8083"]
09:06:15.798 [main] INFO  o.a.c.c.StandardService - [log,173] - Starting service [Tomcat]
09:06:15.799 [main] INFO  o.a.c.c.StandardEngine - [log,173] - Starting Servlet engine: [Apache Tomcat/9.0.33]
09:06:15.801 [main] INFO  o.a.c.c.AprLifecycleListener - [log,173] - Loaded APR based Apache Tomcat Native library [1.2.25] using APR version [1.7.0].
09:06:15.801 [main] INFO  o.a.c.c.AprLifecycleListener - [log,173] - APR capabilities: IPv6 [true], sendfile [true], accept filters [false], random [true].
09:06:15.802 [main] INFO  o.a.c.c.AprLifecycleListener - [log,173] - APR/OpenSSL configuration: useAprConnector [false], useOpenSSL [true]
09:06:15.807 [main] INFO  o.a.c.c.AprLifecycleListener - [log,173] - OpenSSL successfully initialized [OpenSSL 1.1.1g  21 Apr 2020]
09:06:16.008 [main] INFO  o.a.c.c.C.[.[.[/] - [log,173] - Initializing Spring embedded WebApplicationContext
09:06:16.033 [Eureka-EvictionTimer] INFO  c.n.e.r.AbstractInstanceRegistry - [run,1247] - Running the evict task with compensationTime 3ms
09:06:16.141 [main] INFO  c.n.c.s.URLConfigurationSource - [<init>,122] - To enable URLs as dynamic configuration sources, define System property archaius.configurationSource.additionalUrls or make config.properties available on classpath.
09:06:16.157 [main] INFO  c.n.c.DynamicPropertyFactory - [getInstance,281] - DynamicPropertyFactory is initialized with configuration sources: com.netflix.config.ConcurrentCompositeConfiguration@2436ea2f
09:06:17.382 [main] INFO  c.n.c.s.URLConfigurationSource - [<init>,122] - To enable URLs as dynamic configuration sources, define System property archaius.configurationSource.additionalUrls or make config.properties available on classpath.
09:06:19.752 [main] INFO  c.n.d.DiscoveryClient - [<init>,371] - Initializing Eureka in region us-east-1
09:06:20.561 [Eureka-EvictionTimer] INFO  c.n.e.r.AbstractInstanceRegistry - [run,1247] - Running the evict task with compensationTime 10ms
09:06:20.917 [main] INFO  c.n.d.p.DiscoveryJerseyProvider - [<init>,70] - Using JSON encoding codec LegacyJacksonJson
09:06:20.917 [main] INFO  c.n.d.p.DiscoveryJerseyProvider - [<init>,71] - Using JSON decoding codec LegacyJacksonJson
09:06:21.183 [main] INFO  c.n.d.p.DiscoveryJerseyProvider - [<init>,80] - Using XML encoding codec XStreamXml
09:06:21.184 [main] INFO  c.n.d.p.DiscoveryJerseyProvider - [<init>,81] - Using XML decoding codec XStreamXml
09:06:21.619 [main] INFO  c.n.d.s.r.a.ConfigClusterResolver - [getClusterEndpoints,43] - Resolving eureka endpoints via configuration
09:06:22.372 [main] INFO  c.n.d.DiscoveryClient - [fetchRegistry,988] - Disable delta property : false
09:06:22.373 [main] INFO  c.n.d.DiscoveryClient - [fetchRegistry,989] - Single vip registry refresh property : null
09:06:22.373 [main] INFO  c.n.d.DiscoveryClient - [fetchRegistry,990] - Force full registry fetch : false
09:06:22.373 [main] INFO  c.n.d.DiscoveryClient - [fetchRegistry,991] - Application is null : false
09:06:22.374 [main] INFO  c.n.d.DiscoveryClient - [fetchRegistry,992] - Registered Applications size is zero : true
09:06:22.374 [main] INFO  c.n.d.DiscoveryClient - [fetchRegistry,994] - Application version is -1: true
09:06:22.374 [main] INFO  c.n.d.DiscoveryClient - [getAndStoreFullRegistry,1077] - Getting all instance registry info from the eureka server
09:06:22.633 [main] INFO  c.n.d.DiscoveryClient - [getAndStoreFullRegistry,1086] - The response status is 200
09:06:22.638 [main] INFO  c.n.d.DiscoveryClient - [initScheduledTasks,1301] - Starting heartbeat executor: renew interval is: 30
09:06:22.641 [main] INFO  c.n.d.InstanceInfoReplicator - [<init>,60] - InstanceInfoReplicator onDemand update allowed rate per min is 4
09:06:22.649 [main] INFO  c.n.d.DiscoveryClient - [<init>,475] - Discovery Client initialized at timestamp 1626829582646 with initial instances count: 3
09:06:22.652 [main] INFO  c.n.d.DiscoveryClient - [notify,1337] - Saw local status change event StatusChangeEvent [timestamp=1626829582652, current=UP, previous=STARTING]
09:06:22.657 [DiscoveryClient-InstanceInfoReplicator-0] INFO  c.n.d.DiscoveryClient - [register,854] - DiscoveryClient_ID-SERVICE/172.27.120.192:id-service:8083: registering service...
09:06:22.761 [main] INFO  o.a.c.h.Http11NioProtocol - [log,173] - Starting ProtocolHandler ["http-nio-8083"]
09:06:22.778 [http-nio-8761-exec-4] INFO  c.n.e.r.AbstractInstanceRegistry - [register,266] - Registered instance ID-SERVICE/172.27.120.192:id-service:8083 with status UP (replication=false)
09:06:22.782 [DiscoveryClient-InstanceInfoReplicator-0] INFO  c.n.d.DiscoveryClient - [register,863] - DiscoveryClient_ID-SERVICE/172.27.120.192:id-service:8083 - registration status: 204
09:06:23.304 [http-nio-8762-exec-5] INFO  c.n.e.r.AbstractInstanceRegistry - [register,266] - Registered instance ID-SERVICE/172.27.120.192:id-service:8083 with status UP (replication=true)
09:06:24.149 [main] INFO  c.e.IdServiceApplication - [logStarted,61] - Started IdServiceApplication in 16.147 seconds (JVM running for 20.361)
09:06:25.729 [RMI TCP Connection(3)-172.28.160.1] INFO  o.a.c.c.C.[.[.[/] - [log,173] - Initializing Spring DispatcherServlet 'dispatcherServlet'
09:06:43.280 [AsyncResolver-bootstrap-executor-0] INFO  c.n.d.s.r.a.ConfigClusterResolver - [getClusterEndpoints,43] - Resolving eureka endpoints via configuration
09:06:49.647 [AsyncResolver-bootstrap-executor-0] INFO  c.n.d.s.r.a.ConfigClusterResolver - [getClusterEndpoints,43] - Resolving eureka endpoints via configuration
09:07:16.040 [Eureka-EvictionTimer] INFO  c.n.e.r.AbstractInstanceRegistry - [run,1247] - Running the evict task with compensationTime 7ms
09:07:20.569 [Eureka-EvictionTimer] INFO  c.n.e.r.AbstractInstanceRegistry - [run,1247] - Running the evict task with compensationTime 8ms
