09:33:04.785 [main] INFO  c.e.s.i.UserServiceImplTest - [logStartupProfileInfo,655] - The following profiles are active: db-config
09:33:09.894 [main] INFO  c.a.d.p.DruidDataSource - [init,985] - {dataSource-1} inited
09:33:12.476 [main] INFO  c.a.d.p.DruidDataSource - [init,985] - {dataSource-2} inited
09:33:14.689 [main] INFO  c.n.c.s.URLConfigurationSource - [<init>,122] - To enable URLs as dynamic configuration sources, define System property archaius.configurationSource.additionalUrls or make config.properties available on classpath.
09:33:14.712 [main] INFO  c.n.c.s.URLConfigurationSource - [<init>,122] - To enable URLs as dynamic configuration sources, define System property archaius.configurationSource.additionalUrls or make config.properties available on classpath.
09:33:20.754 [main] INFO  c.e.s.i.UserServiceImplTest - [logStarted,61] - Started UserServiceImplTest in 20.377 seconds (JVM running for 24.892)
09:33:23.017 [SpringContextShutdownHook] INFO  c.a.d.p.DruidDataSource - [close,2032] - {dataSource-1} closing ...
09:33:23.028 [SpringContextShutdownHook] INFO  c.a.d.p.DruidDataSource - [close,2104] - {dataSource-1} closed
09:33:23.029 [SpringContextShutdownHook] INFO  c.a.d.p.DruidDataSource - [close,2032] - {dataSource-2} closing ...
09:33:23.031 [SpringContextShutdownHook] INFO  c.a.d.p.DruidDataSource - [close,2104] - {dataSource-2} closed
10:45:01.874 [main] INFO  c.e.s.i.UserServiceImplTest - [logStartupProfileInfo,655] - The following profiles are active: db-config
10:45:06.654 [main] INFO  c.a.d.p.DruidDataSource - [init,985] - {dataSource-1} inited
10:45:09.571 [main] INFO  c.a.d.p.DruidDataSource - [init,985] - {dataSource-2} inited
10:45:11.927 [main] INFO  c.n.c.s.URLConfigurationSource - [<init>,122] - To enable URLs as dynamic configuration sources, define System property archaius.configurationSource.additionalUrls or make config.properties available on classpath.
10:45:11.950 [main] INFO  c.n.c.s.URLConfigurationSource - [<init>,122] - To enable URLs as dynamic configuration sources, define System property archaius.configurationSource.additionalUrls or make config.properties available on classpath.
10:45:18.016 [main] INFO  c.e.s.i.UserServiceImplTest - [logStarted,61] - Started UserServiceImplTest in 20.702 seconds (JVM running for 25.886)
10:45:20.387 [SpringContextShutdownHook] INFO  c.a.d.p.DruidDataSource - [close,2032] - {dataSource-1} closing ...
10:45:20.394 [SpringContextShutdownHook] INFO  c.a.d.p.DruidDataSource - [close,2104] - {dataSource-1} closed
10:45:20.397 [SpringContextShutdownHook] INFO  c.a.d.p.DruidDataSource - [close,2032] - {dataSource-2} closing ...
10:45:20.399 [SpringContextShutdownHook] INFO  c.a.d.p.DruidDataSource - [close,2104] - {dataSource-2} closed
10:47:31.855 [main] INFO  c.e.d.UserMapperTest - [logStartupProfileInfo,655] - The following profiles are active: db-config
10:47:36.440 [main] INFO  c.a.d.p.DruidDataSource - [init,985] - {dataSource-1} inited
10:47:38.997 [main] INFO  c.a.d.p.DruidDataSource - [init,985] - {dataSource-2} inited
10:47:42.017 [main] INFO  c.n.c.s.URLConfigurationSource - [<init>,122] - To enable URLs as dynamic configuration sources, define System property archaius.configurationSource.additionalUrls or make config.properties available on classpath.
10:47:42.034 [main] INFO  c.n.c.s.URLConfigurationSource - [<init>,122] - To enable URLs as dynamic configuration sources, define System property archaius.configurationSource.additionalUrls or make config.properties available on classpath.
10:47:49.143 [main] INFO  c.e.d.UserMapperTest - [logStarted,61] - Started UserMapperTest in 21.027 seconds (JVM running for 24.772)
10:47:51.232 [SpringContextShutdownHook] INFO  c.a.d.p.DruidDataSource - [close,2032] - {dataSource-1} closing ...
10:47:51.242 [SpringContextShutdownHook] INFO  c.a.d.p.DruidDataSource - [close,2104] - {dataSource-1} closed
10:47:51.243 [SpringContextShutdownHook] INFO  c.a.d.p.DruidDataSource - [close,2032] - {dataSource-2} closing ...
10:47:51.249 [SpringContextShutdownHook] INFO  c.a.d.p.DruidDataSource - [close,2104] - {dataSource-2} closed
11:15:01.927 [main] INFO  c.e.s.i.UserServiceImplTest - [logStartupProfileInfo,655] - The following profiles are active: db-config
11:15:06.426 [main] INFO  c.a.d.p.DruidDataSource - [init,985] - {dataSource-1} inited
11:15:09.269 [main] INFO  c.a.d.p.DruidDataSource - [init,985] - {dataSource-2} inited
11:15:12.358 [main] INFO  c.n.c.s.URLConfigurationSource - [<init>,122] - To enable URLs as dynamic configuration sources, define System property archaius.configurationSource.additionalUrls or make config.properties available on classpath.
11:15:12.379 [main] INFO  c.n.c.s.URLConfigurationSource - [<init>,122] - To enable URLs as dynamic configuration sources, define System property archaius.configurationSource.additionalUrls or make config.properties available on classpath.
11:15:18.297 [main] INFO  c.e.s.i.UserServiceImplTest - [logStarted,61] - Started UserServiceImplTest in 20.797 seconds (JVM running for 24.664)
11:15:21.093 [main] INFO  c.e.s.i.UserServiceImplTest - [addUser,46] - small02 add success
11:15:21.171 [SpringContextShutdownHook] INFO  c.a.d.p.DruidDataSource - [close,2032] - {dataSource-1} closing ...
11:15:21.181 [SpringContextShutdownHook] INFO  c.a.d.p.DruidDataSource - [close,2104] - {dataSource-1} closed
11:15:21.185 [SpringContextShutdownHook] INFO  c.a.d.p.DruidDataSource - [close,2032] - {dataSource-2} closing ...
11:15:21.188 [SpringContextShutdownHook] INFO  c.a.d.p.DruidDataSource - [close,2104] - {dataSource-2} closed
11:22:47.576 [main] INFO  c.e.s.i.UserServiceImplTest - [logStartupProfileInfo,655] - The following profiles are active: db-config
11:22:53.908 [main] INFO  c.a.d.p.DruidDataSource - [init,985] - {dataSource-1} inited
11:22:56.162 [main] INFO  c.a.d.p.DruidDataSource - [init,985] - {dataSource-2} inited
11:22:59.449 [main] INFO  c.n.c.s.URLConfigurationSource - [<init>,122] - To enable URLs as dynamic configuration sources, define System property archaius.configurationSource.additionalUrls or make config.properties available on classpath.
11:22:59.480 [main] INFO  c.n.c.s.URLConfigurationSource - [<init>,122] - To enable URLs as dynamic configuration sources, define System property archaius.configurationSource.additionalUrls or make config.properties available on classpath.
11:23:06.565 [main] INFO  c.e.s.i.UserServiceImplTest - [logStarted,61] - Started UserServiceImplTest in 24.636 seconds (JVM running for 28.573)
11:23:08.633 [SpringContextShutdownHook] INFO  c.a.d.p.DruidDataSource - [close,2032] - {dataSource-1} closing ...
11:23:08.645 [SpringContextShutdownHook] INFO  c.a.d.p.DruidDataSource - [close,2104] - {dataSource-1} closed
11:23:08.646 [SpringContextShutdownHook] INFO  c.a.d.p.DruidDataSource - [close,2032] - {dataSource-2} closing ...
11:23:08.650 [SpringContextShutdownHook] INFO  c.a.d.p.DruidDataSource - [close,2104] - {dataSource-2} closed
11:27:21.846 [main] INFO  c.e.s.i.UserServiceImplTest - [logStartupProfileInfo,655] - The following profiles are active: db-config
11:27:27.364 [main] INFO  c.a.d.p.DruidDataSource - [init,985] - {dataSource-1} inited
11:27:30.406 [main] INFO  c.a.d.p.DruidDataSource - [init,985] - {dataSource-2} inited
11:27:33.904 [main] INFO  c.n.c.s.URLConfigurationSource - [<init>,122] - To enable URLs as dynamic configuration sources, define System property archaius.configurationSource.additionalUrls or make config.properties available on classpath.
11:27:33.931 [main] INFO  c.n.c.s.URLConfigurationSource - [<init>,122] - To enable URLs as dynamic configuration sources, define System property archaius.configurationSource.additionalUrls or make config.properties available on classpath.
11:27:40.815 [main] INFO  c.e.s.i.UserServiceImplTest - [logStarted,61] - Started UserServiceImplTest in 22.965 seconds (JVM running for 27.482)
11:27:42.699 [SpringContextShutdownHook] INFO  c.a.d.p.DruidDataSource - [close,2032] - {dataSource-1} closing ...
11:27:42.707 [SpringContextShutdownHook] INFO  c.a.d.p.DruidDataSource - [close,2104] - {dataSource-1} closed
11:27:42.708 [SpringContextShutdownHook] INFO  c.a.d.p.DruidDataSource - [close,2032] - {dataSource-2} closing ...
11:27:42.710 [SpringContextShutdownHook] INFO  c.a.d.p.DruidDataSource - [close,2104] - {dataSource-2} closed
14:17:44.529 [main] INFO  c.e.s.i.UserServiceImplTest - [logStartupProfileInfo,655] - The following profiles are active: db-config
14:22:03.766 [main] INFO  c.e.s.i.UserServiceImplTest - [logStartupProfileInfo,655] - The following profiles are active: db-config
14:22:11.564 [main] INFO  c.a.d.p.DruidDataSource - [init,985] - {dataSource-1} inited
14:22:14.171 [main] INFO  c.a.d.p.DruidDataSource - [init,985] - {dataSource-2} inited
14:22:16.731 [main] INFO  c.n.c.s.URLConfigurationSource - [<init>,122] - To enable URLs as dynamic configuration sources, define System property archaius.configurationSource.additionalUrls or make config.properties available on classpath.
14:22:16.755 [main] INFO  c.n.c.s.URLConfigurationSource - [<init>,122] - To enable URLs as dynamic configuration sources, define System property archaius.configurationSource.additionalUrls or make config.properties available on classpath.
14:22:26.621 [main] INFO  c.e.s.i.UserServiceImplTest - [logStarted,61] - Started UserServiceImplTest in 27.922 seconds (JVM running for 32.693)
14:22:29.981 [SpringContextShutdownHook] INFO  c.a.d.p.DruidDataSource - [close,2032] - {dataSource-1} closing ...
14:22:30.007 [SpringContextShutdownHook] INFO  c.a.d.p.DruidDataSource - [close,2104] - {dataSource-1} closed
14:22:30.013 [SpringContextShutdownHook] INFO  c.a.d.p.DruidDataSource - [close,2032] - {dataSource-2} closing ...
14:22:30.044 [SpringContextShutdownHook] INFO  c.a.d.p.DruidDataSource - [close,2104] - {dataSource-2} closed
14:24:26.885 [main] INFO  c.e.s.i.UserServiceImplTest - [logStartupProfileInfo,655] - The following profiles are active: db-config
14:24:34.042 [main] INFO  c.a.d.p.DruidDataSource - [init,985] - {dataSource-1} inited
14:24:36.354 [main] INFO  c.a.d.p.DruidDataSource - [init,985] - {dataSource-2} inited
14:24:39.707 [main] INFO  c.n.c.s.URLConfigurationSource - [<init>,122] - To enable URLs as dynamic configuration sources, define System property archaius.configurationSource.additionalUrls or make config.properties available on classpath.
14:24:39.777 [main] INFO  c.n.c.s.URLConfigurationSource - [<init>,122] - To enable URLs as dynamic configuration sources, define System property archaius.configurationSource.additionalUrls or make config.properties available on classpath.
14:24:54.670 [main] INFO  c.e.s.i.UserServiceImplTest - [logStartupProfileInfo,655] - The following profiles are active: db-config
14:24:55.827 [main] INFO  c.e.s.i.UserServiceImplTest - [logStarted,61] - Started UserServiceImplTest in 34.08 seconds (JVM running for 40.431)
14:25:01.695 [SpringContextShutdownHook] INFO  c.a.d.p.DruidDataSource - [close,2032] - {dataSource-1} closing ...
14:25:01.715 [SpringContextShutdownHook] INFO  c.a.d.p.DruidDataSource - [close,2104] - {dataSource-1} closed
14:25:01.727 [SpringContextShutdownHook] INFO  c.a.d.p.DruidDataSource - [close,2032] - {dataSource-2} closing ...
14:25:01.732 [SpringContextShutdownHook] INFO  c.a.d.p.DruidDataSource - [close,2104] - {dataSource-2} closed
14:25:05.938 [main] INFO  c.a.d.p.DruidDataSource - [init,985] - {dataSource-1} inited
14:25:09.044 [main] INFO  c.a.d.p.DruidDataSource - [init,985] - {dataSource-2} inited
14:25:12.463 [main] INFO  c.n.c.s.URLConfigurationSource - [<init>,122] - To enable URLs as dynamic configuration sources, define System property archaius.configurationSource.additionalUrls or make config.properties available on classpath.
14:25:12.487 [main] INFO  c.n.c.s.URLConfigurationSource - [<init>,122] - To enable URLs as dynamic configuration sources, define System property archaius.configurationSource.additionalUrls or make config.properties available on classpath.
14:25:25.851 [main] INFO  c.e.s.i.UserServiceImplTest - [logStarted,61] - Started UserServiceImplTest in 40.993 seconds (JVM running for 48.201)
14:25:29.985 [main] INFO  c.e.s.i.UserServiceImplTest - [getUserByName,62] - test getUserByName : User(uuid=5769129916531296338, userId=623206106910425089, userName=small-service-update-test, userPassword=123456, userMobile=1234567890, userScore=0, userRegTime=Sat Jul 17 17:18:33 CST 2021, userMoney=1242414)
14:25:30.266 [SpringContextShutdownHook] INFO  c.a.d.p.DruidDataSource - [close,2032] - {dataSource-1} closing ...
14:25:30.278 [SpringContextShutdownHook] INFO  c.a.d.p.DruidDataSource - [close,2104] - {dataSource-1} closed
14:25:30.279 [SpringContextShutdownHook] INFO  c.a.d.p.DruidDataSource - [close,2032] - {dataSource-2} closing ...
14:25:30.281 [SpringContextShutdownHook] INFO  c.a.d.p.DruidDataSource - [close,2104] - {dataSource-2} closed
